<?xml version="1.0" encoding="UTF-8"?>
<coverage generated="1751315368672" clover="3.2.0">
  <project timestamp="1751315368672" name="All files">
    <metrics statements="53" coveredstatements="52" conditionals="13" coveredconditionals="10" methods="8" coveredmethods="8" elements="74" coveredelements="70" complexity="0" loc="53" ncloc="53" packages="1" files="1" classes="1"/>
    <file name="scraper.js" path="/Users/davidcui824/Desktop/chatbots/backend/scraper.js">
      <metrics statements="53" coveredstatements="52" conditionals="13" coveredconditionals="10" methods="8" coveredmethods="8"/>
      <line num="1" count="1" type="stmt"/>
      <line num="2" count="1" type="stmt"/>
      <line num="3" count="1" type="stmt"/>
      <line num="4" count="1" type="stmt"/>
      <line num="7" count="4" type="stmt"/>
      <line num="8" count="4" type="stmt"/>
      <line num="11" count="4" type="stmt"/>
      <line num="18" count="3" type="stmt"/>
      <line num="19" count="3" type="stmt"/>
      <line num="22" count="3" type="stmt"/>
      <line num="25" count="3" type="stmt"/>
      <line num="34" count="3" type="stmt"/>
      <line num="35" count="6" type="stmt"/>
      <line num="36" count="6" type="cond" truecount="1" falsecount="1"/>
      <line num="37" count="6" type="stmt"/>
      <line num="45" count="3" type="stmt"/>
      <line num="46" count="9" type="stmt"/>
      <line num="47" count="9" type="cond" truecount="4" falsecount="0"/>
      <line num="48" count="7" type="stmt"/>
      <line num="53" count="3" type="stmt"/>
      <line num="54" count="2" type="stmt"/>
      <line num="55" count="2" type="cond" truecount="1" falsecount="1"/>
      <line num="56" count="2" type="stmt"/>
      <line num="61" count="3" type="stmt"/>
      <line num="62" count="2" type="stmt"/>
      <line num="63" count="2" type="stmt"/>
      <line num="64" count="2" type="cond" truecount="4" falsecount="1"/>
      <line num="65" count="2" type="stmt"/>
      <line num="73" count="3" type="stmt"/>
      <line num="75" count="6" type="stmt"/>
      <line num="80" count="3" type="stmt"/>
      <line num="88" count="3" type="stmt"/>
      <line num="90" count="3" type="stmt"/>
      <line num="91" count="3" type="stmt"/>
      <line num="93" count="3" type="stmt"/>
      <line num="96" count="1" type="stmt"/>
      <line num="97" count="1" type="stmt"/>
      <line num="102" count="4" type="stmt"/>
      <line num="104" count="4" type="stmt"/>
      <line num="105" count="4" type="stmt"/>
      <line num="108" count="4" type="stmt"/>
      <line num="109" count="4" type="stmt"/>
      <line num="111" count="4" type="stmt"/>
      <line num="112" count="4" type="stmt"/>
      <line num="114" count="0" type="stmt"/>
      <line num="119" count="2" type="stmt"/>
      <line num="120" count="2" type="stmt"/>
      <line num="121" count="2" type="stmt"/>
      <line num="123" count="2" type="stmt"/>
      <line num="124" count="2" type="stmt"/>
      <line num="126" count="2" type="stmt"/>
      <line num="127" count="2" type="stmt"/>
      <line num="131" count="1" type="stmt"/>
    </file>
  </project>
</coverage>
