{"/Users/davidcui824/Desktop/chatbots/backend/scraper.js": {"path":"/Users/davidcui824/Desktop/chatbots/backend/scraper.js","statementMap":{"0":{"start":{"line":1,"column":14},"end":{"line":1,"column":30}},"1":{"start":{"line":2,"column":16},"end":{"line":2,"column":34}},"2":{"start":{"line":3,"column":11},"end":{"line":3,"column":33}},"3":{"start":{"line":4,"column":13},"end":{"line":4,"column":28}},"4":{"start":{"line":7,"column":2},"end":{"line":98,"column":3}},"5":{"start":{"line":8,"column":4},"end":{"line":8,"column":46}},"6":{"start":{"line":11,"column":21},"end":{"line":16,"column":6}},"7":{"start":{"line":18,"column":17},"end":{"line":18,"column":30}},"8":{"start":{"line":19,"column":14},"end":{"line":19,"column":32}},"9":{"start":{"line":22,"column":4},"end":{"line":22,"column":53}},"10":{"start":{"line":25,"column":20},"end":{"line":31,"column":5}},"11":{"start":{"line":34,"column":4},"end":{"line":42,"column":7}},"12":{"start":{"line":35,"column":19},"end":{"line":35,"column":40}},"13":{"start":{"line":36,"column":6},"end":{"line":41,"column":7}},"14":{"start":{"line":37,"column":8},"end":{"line":40,"column":11}},"15":{"start":{"line":45,"column":4},"end":{"line":50,"column":7}},"16":{"start":{"line":46,"column":19},"end":{"line":46,"column":40}},"17":{"start":{"line":47,"column":6},"end":{"line":49,"column":7}},"18":{"start":{"line":48,"column":8},"end":{"line":48,"column":38}},"19":{"start":{"line":53,"column":4},"end":{"line":58,"column":7}},"20":{"start":{"line":54,"column":19},"end":{"line":54,"column":40}},"21":{"start":{"line":55,"column":6},"end":{"line":57,"column":7}},"22":{"start":{"line":56,"column":8},"end":{"line":56,"column":32}},"23":{"start":{"line":61,"column":4},"end":{"line":70,"column":7}},"24":{"start":{"line":62,"column":19},"end":{"line":62,"column":39}},"25":{"start":{"line":63,"column":19},"end":{"line":63,"column":40}},"26":{"start":{"line":64,"column":6},"end":{"line":69,"column":7}},"27":{"start":{"line":65,"column":8},"end":{"line":68,"column":11}},"28":{"start":{"line":73,"column":20},"end":{"line":78,"column":18}},"29":{"start":{"line":75,"column":35},"end":{"line":75,"column":41}},"30":{"start":{"line":80,"column":24},"end":{"line":85,"column":5}},"31":{"start":{"line":88,"column":4},"end":{"line":88,"column":44}},"32":{"start":{"line":90,"column":4},"end":{"line":90,"column":49}},"33":{"start":{"line":91,"column":4},"end":{"line":91,"column":64}},"34":{"start":{"line":93,"column":4},"end":{"line":93,"column":23}},"35":{"start":{"line":96,"column":4},"end":{"line":96,"column":61}},"36":{"start":{"line":97,"column":4},"end":{"line":97,"column":66}},"37":{"start":{"line":102,"column":2},"end":{"line":115,"column":3}},"38":{"start":{"line":104,"column":20},"end":{"line":104,"column":48}},"39":{"start":{"line":105,"column":4},"end":{"line":105,"column":49}},"40":{"start":{"line":108,"column":21},"end":{"line":108,"column":64}},"41":{"start":{"line":109,"column":21},"end":{"line":109,"column":49}},"42":{"start":{"line":111,"column":4},"end":{"line":111,"column":64}},"43":{"start":{"line":112,"column":4},"end":{"line":112,"column":57}},"44":{"start":{"line":114,"column":4},"end":{"line":114,"column":63}},"45":{"start":{"line":119,"column":2},"end":{"line":128,"column":3}},"46":{"start":{"line":120,"column":21},"end":{"line":120,"column":64}},"47":{"start":{"line":121,"column":21},"end":{"line":121,"column":59}},"48":{"start":{"line":123,"column":17},"end":{"line":123,"column":52}},"49":{"start":{"line":124,"column":4},"end":{"line":124,"column":28}},"50":{"start":{"line":126,"column":4},"end":{"line":126,"column":51}},"51":{"start":{"line":127,"column":4},"end":{"line":127,"column":16}},"52":{"start":{"line":131,"column":0},"end":{"line":135,"column":2}}},"fnMap":{"0":{"name":"scrapeWebsite","decl":{"start":{"line":6,"column":15},"end":{"line":6,"column":28}},"loc":{"start":{"line":6,"column":34},"end":{"line":99,"column":1}},"line":6},"1":{"name":"(anonymous_1)","decl":{"start":{"line":34,"column":37},"end":{"line":34,"column":38}},"loc":{"start":{"line":34,"column":50},"end":{"line":42,"column":5}},"line":34},"2":{"name":"(anonymous_2)","decl":{"start":{"line":45,"column":16},"end":{"line":45,"column":17}},"loc":{"start":{"line":45,"column":29},"end":{"line":50,"column":5}},"line":45},"3":{"name":"(anonymous_3)","decl":{"start":{"line":53,"column":71},"end":{"line":53,"column":72}},"loc":{"start":{"line":53,"column":84},"end":{"line":58,"column":5}},"line":53},"4":{"name":"(anonymous_4)","decl":{"start":{"line":61,"column":16},"end":{"line":61,"column":17}},"loc":{"start":{"line":61,"column":29},"end":{"line":70,"column":5}},"line":61},"5":{"name":"(anonymous_5)","decl":{"start":{"line":75,"column":30},"end":{"line":75,"column":31}},"loc":{"start":{"line":75,"column":35},"end":{"line":75,"column":41}},"line":75},"6":{"name":"saveScrapedData","decl":{"start":{"line":101,"column":15},"end":{"line":101,"column":30}},"loc":{"start":{"line":101,"column":42},"end":{"line":116,"column":1}},"line":101},"7":{"name":"loadScrapedData","decl":{"start":{"line":118,"column":15},"end":{"line":118,"column":30}},"loc":{"start":{"line":118,"column":36},"end":{"line":129,"column":1}},"line":118}},"branchMap":{"0":{"loc":{"start":{"line":36,"column":6},"end":{"line":41,"column":7}},"type":"if","locations":[{"start":{"line":36,"column":6},"end":{"line":41,"column":7}},{"start":{},"end":{}}],"line":36},"1":{"loc":{"start":{"line":47,"column":6},"end":{"line":49,"column":7}},"type":"if","locations":[{"start":{"line":47,"column":6},"end":{"line":49,"column":7}},{"start":{},"end":{}}],"line":47},"2":{"loc":{"start":{"line":47,"column":10},"end":{"line":47,"column":34}},"type":"binary-expr","locations":[{"start":{"line":47,"column":10},"end":{"line":47,"column":14}},{"start":{"line":47,"column":18},"end":{"line":47,"column":34}}],"line":47},"3":{"loc":{"start":{"line":55,"column":6},"end":{"line":57,"column":7}},"type":"if","locations":[{"start":{"line":55,"column":6},"end":{"line":57,"column":7}},{"start":{},"end":{}}],"line":55},"4":{"loc":{"start":{"line":64,"column":6},"end":{"line":69,"column":7}},"type":"if","locations":[{"start":{"line":64,"column":6},"end":{"line":69,"column":7}},{"start":{},"end":{}}],"line":64},"5":{"loc":{"start":{"line":64,"column":10},"end":{"line":64,"column":47}},"type":"binary-expr","locations":[{"start":{"line":64,"column":10},"end":{"line":64,"column":14}},{"start":{"line":64,"column":18},"end":{"line":64,"column":22}},{"start":{"line":64,"column":26},"end":{"line":64,"column":47}}],"line":64}},"s":{"0":1,"1":1,"2":1,"3":1,"4":4,"5":4,"6":4,"7":3,"8":3,"9":3,"10":3,"11":3,"12":6,"13":6,"14":6,"15":3,"16":9,"17":9,"18":7,"19":3,"20":2,"21":2,"22":2,"23":3,"24":2,"25":2,"26":2,"27":2,"28":3,"29":6,"30":3,"31":3,"32":3,"33":3,"34":3,"35":1,"36":1,"37":4,"38":4,"39":4,"40":4,"41":4,"42":4,"43":4,"44":0,"45":2,"46":2,"47":2,"48":2,"49":2,"50":2,"51":2,"52":1},"f":{"0":4,"1":6,"2":9,"3":2,"4":2,"5":6,"6":4,"7":2},"b":{"0":[6,0],"1":[7,2],"2":[9,9],"3":[2,0],"4":[2,0],"5":[2,2,2]},"_coverageSchema":"1a1c01bbd47fc00a2c39e90264f33305004495a9","hash":"937caf7b7907eb71845167ddbbd31eb6ffe0e863"}
}
