TN:
SF:scraper.js
FN:6,scrapeWebsite
FN:34,(anonymous_1)
FN:45,(anonymous_2)
FN:53,(anonymous_3)
FN:61,(anonymous_4)
FN:75,(anonymous_5)
FN:101,saveScrapedData
FN:118,loadScrapedData
FNF:8
FNH:8
FNDA:4,scrapeWebsite
FNDA:6,(anonymous_1)
FNDA:9,(anonymous_2)
FNDA:2,(anonymous_3)
FNDA:2,(anonymous_4)
FNDA:6,(anonymous_5)
FNDA:4,saveScrapedData
FNDA:2,loadScrapedData
DA:1,1
DA:2,1
DA:3,1
DA:4,1
DA:7,4
DA:8,4
DA:11,4
DA:18,3
DA:19,3
DA:22,3
DA:25,3
DA:34,3
DA:35,6
DA:36,6
DA:37,6
DA:45,3
DA:46,9
DA:47,9
DA:48,7
DA:53,3
DA:54,2
DA:55,2
DA:56,2
DA:61,3
DA:62,2
DA:63,2
DA:64,2
DA:65,2
DA:73,3
DA:75,6
DA:80,3
DA:88,3
DA:90,3
DA:91,3
DA:93,3
DA:96,1
DA:97,1
DA:102,4
DA:104,4
DA:105,4
DA:108,4
DA:109,4
DA:111,4
DA:112,4
DA:114,0
DA:119,2
DA:120,2
DA:121,2
DA:123,2
DA:124,2
DA:126,2
DA:127,2
DA:131,1
LF:53
LH:52
BRDA:36,0,0,6
BRDA:36,0,1,0
BRDA:47,1,0,7
BRDA:47,1,1,2
BRDA:47,2,0,9
BRDA:47,2,1,9
BRDA:55,3,0,2
BRDA:55,3,1,0
BRDA:64,4,0,2
BRDA:64,4,1,0
BRDA:64,5,0,2
BRDA:64,5,1,2
BRDA:64,5,2,2
BRF:13
BRH:10
end_of_record
